<?xml version="1.0" encoding="UTF-8"?>
<testsuite name="com.petmily.PetmilyFinalFinalRealFinalApplicationTests" tests="1" skipped="0" failures="0" errors="0" timestamp="2024-11-06T13:40:49" hostname="DESKTOP-DA30OQ0" time="0.584">
  <properties/>
  <testcase name="contextLoads()" classname="com.petmily.PetmilyFinalFinalRealFinalApplicationTests" time="0.584"/>
  <system-out><![CDATA[22:40:45.549 [Test worker] INFO org.springframework.test.context.support.AnnotationConfigContextLoaderUtils -- Could not detect default configuration classes for test class [com.petmily.PetmilyFinalFinalRealFinalApplicationTests]: PetmilyFinalFinalRealFinalApplicationTests does not declare any static, non-private, non-final, nested classes annotated with @Configuration.
22:40:45.682 [Test worker] INFO org.springframework.boot.test.context.SpringBootTestContextBootstrapper -- Found @SpringBootConfiguration com.petmily.PetmilyFinalFinalRealFinalApplication for test class com.petmily.PetmilyFinalFinalRealFinalApplicationTests

  .   ____          _            __ _ _
 /\\ / ___'_ __ _ _(_)_ __  __ _ \ \ \ \
( ( )\___ | '_ | '_| | '_ \/ _` | \ \ \ \
 \\/  ___)| |_)| | | | | || (_| |  ) ) ) )
  '  |____| .__|_| |_|_| |_\__, | / / / /
 =========|_|==============|___/=/_/_/_/

 :: Spring Boot ::                (v3.3.5)

2024-11-06T22:40:46.129+09:00  INFO 2476 --- [petmilyFinalFinalRealFinal] [    Test worker] tmilyFinalFinalRealFinalApplicationTests : Starting PetmilyFinalFinalRealFinalApplicationTests using Java 17.0.10 with PID 2476 (started by h22sa in D:\petmilyFinalFinalRealFinal)
2024-11-06T22:40:46.130+09:00  INFO 2476 --- [petmilyFinalFinalRealFinal] [    Test worker] tmilyFinalFinalRealFinalApplicationTests : No active profile set, falling back to 1 default profile: "default"
2024-11-06T22:40:47.007+09:00  INFO 2476 --- [petmilyFinalFinalRealFinal] [    Test worker] .s.d.r.c.RepositoryConfigurationDelegate : Bootstrapping Spring Data JPA repositories in DEFAULT mode.
2024-11-06T22:40:47.032+09:00  INFO 2476 --- [petmilyFinalFinalRealFinal] [    Test worker] .s.d.r.c.RepositoryConfigurationDelegate : Finished Spring Data repository scanning in 15 ms. Found 0 JPA repository interfaces.
2024-11-06T22:40:47.514+09:00  INFO 2476 --- [petmilyFinalFinalRealFinal] [    Test worker] com.zaxxer.hikari.HikariDataSource       : HikariPool-1 - Starting...
2024-11-06T22:40:47.748+09:00  INFO 2476 --- [petmilyFinalFinalRealFinal] [    Test worker] com.zaxxer.hikari.pool.HikariPool        : HikariPool-1 - Added connection com.mysql.cj.jdbc.ConnectionImpl@700b9e6b
2024-11-06T22:40:47.750+09:00  INFO 2476 --- [petmilyFinalFinalRealFinal] [    Test worker] com.zaxxer.hikari.HikariDataSource       : HikariPool-1 - Start completed.
2024-11-06T22:40:47.802+09:00  INFO 2476 --- [petmilyFinalFinalRealFinal] [    Test worker] o.hibernate.jpa.internal.util.LogHelper  : HHH000204: Processing PersistenceUnitInfo [name: default]
2024-11-06T22:40:47.873+09:00  INFO 2476 --- [petmilyFinalFinalRealFinal] [    Test worker] org.hibernate.Version                    : HHH000412: Hibernate ORM core version 6.5.3.Final
2024-11-06T22:40:47.920+09:00  INFO 2476 --- [petmilyFinalFinalRealFinal] [    Test worker] o.h.c.internal.RegionFactoryInitiator    : HHH000026: Second-level cache disabled
2024-11-06T22:40:48.258+09:00  INFO 2476 --- [petmilyFinalFinalRealFinal] [    Test worker] o.s.o.j.p.SpringPersistenceUnitInfo      : No LoadTimeWeaver setup: ignoring JPA class transformer
2024-11-06T22:40:48.688+09:00  INFO 2476 --- [petmilyFinalFinalRealFinal] [    Test worker] o.h.e.t.j.p.i.JtaPlatformInitiator       : HHH000489: No JTA platform available (set 'hibernate.transaction.jta.platform' to enable JTA platform integration)
2024-11-06T22:40:48.693+09:00  INFO 2476 --- [petmilyFinalFinalRealFinal] [    Test worker] j.LocalContainerEntityManagerFactoryBean : Initialized JPA EntityManagerFactory for persistence unit 'default'
2024-11-06T22:40:49.266+09:00  WARN 2476 --- [petmilyFinalFinalRealFinal] [    Test worker] JpaBaseConfiguration$JpaWebConfiguration : spring.jpa.open-in-view is enabled by default. Therefore, database queries may be performed during view rendering. Explicitly configure spring.jpa.open-in-view to disable this warning
2024-11-06T22:40:49.711+09:00  INFO 2476 --- [petmilyFinalFinalRealFinal] [    Test worker] tmilyFinalFinalRealFinalApplicationTests : Started PetmilyFinalFinalRealFinalApplicationTests in 3.855 seconds (process running for 5.228)
]]></system-out>
  <system-err><![CDATA[]]></system-err>
</testsuite>
