<?xml version="1.0" encoding="UTF-8"?>
<testsuite name="com.petmily.PetmilyFinalFinalRealFinalApplicationTests" tests="1" skipped="0" failures="0" errors="0" timestamp="2024-11-04T12:35:08" hostname="DESKTOP-DA30OQ0" time="0.267">
  <properties/>
  <testcase name="contextLoads()" classname="com.petmily.PetmilyFinalFinalRealFinalApplicationTests" time="0.267"/>
  <system-out><![CDATA[21:35:04.664 [Test worker] DEBUG org.springframework.test.context.BootstrapUtils - Instantiating CacheAwareContextLoaderDelegate from class [org.springframework.test.context.cache.DefaultCacheAwareContextLoaderDelegate]
21:35:04.675 [Test worker] DEBUG org.springframework.test.context.BootstrapUtils - Instantiating BootstrapContext using constructor [public org.springframework.test.context.support.DefaultBootstrapContext(java.lang.Class,org.springframework.test.context.CacheAwareContextLoaderDelegate)]
21:35:04.706 [Test worker] DEBUG org.springframework.test.context.BootstrapUtils - Instantiating TestContextBootstrapper for test class [com.petmily.PetmilyFinalFinalRealFinalApplicationTests] from class [org.springframework.boot.test.context.SpringBootTestContextBootstrapper]
21:35:04.721 [Test worker] INFO org.springframework.boot.test.context.SpringBootTestContextBootstrapper - Neither @ContextConfiguration nor @ContextHierarchy found for test class [com.petmily.PetmilyFinalFinalRealFinalApplicationTests], using SpringBootContextLoader
21:35:04.724 [Test worker] DEBUG org.springframework.test.context.support.AbstractContextLoader - Did not detect default resource location for test class [com.petmily.PetmilyFinalFinalRealFinalApplicationTests]: class path resource [com/petmily/PetmilyFinalFinalRealFinalApplicationTests-context.xml] does not exist
21:35:04.724 [Test worker] DEBUG org.springframework.test.context.support.AbstractContextLoader - Did not detect default resource location for test class [com.petmily.PetmilyFinalFinalRealFinalApplicationTests]: class path resource [com/petmily/PetmilyFinalFinalRealFinalApplicationTestsContext.groovy] does not exist
21:35:04.725 [Test worker] INFO org.springframework.test.context.support.AbstractContextLoader - Could not detect default resource locations for test class [com.petmily.PetmilyFinalFinalRealFinalApplicationTests]: no resource found for suffixes {-context.xml, Context.groovy}.
21:35:04.725 [Test worker] INFO org.springframework.test.context.support.AnnotationConfigContextLoaderUtils - Could not detect default configuration classes for test class [com.petmily.PetmilyFinalFinalRealFinalApplicationTests]: PetmilyFinalFinalRealFinalApplicationTests does not declare any static, non-private, non-final, nested classes annotated with @Configuration.
21:35:04.775 [Test worker] DEBUG org.springframework.test.context.support.ActiveProfilesUtils - Could not find an 'annotation declaring class' for annotation type [org.springframework.test.context.ActiveProfiles] and class [com.petmily.PetmilyFinalFinalRealFinalApplicationTests]
21:35:04.864 [Test worker] DEBUG org.springframework.context.annotation.ClassPathScanningCandidateComponentProvider - Identified candidate component class: file [D:\petmilyreal\build\classes\java\main\com\petmily\PetmilyFinalFinalRealFinalApplication.class]
21:35:04.865 [Test worker] INFO org.springframework.boot.test.context.SpringBootTestContextBootstrapper - Found @SpringBootConfiguration com.petmily.PetmilyFinalFinalRealFinalApplication for test class com.petmily.PetmilyFinalFinalRealFinalApplicationTests
21:35:04.936 [Test worker] DEBUG org.springframework.boot.test.context.SpringBootTestContextBootstrapper - @TestExecutionListeners is not present for class [com.petmily.PetmilyFinalFinalRealFinalApplicationTests]: using defaults.
21:35:04.937 [Test worker] INFO org.springframework.boot.test.context.SpringBootTestContextBootstrapper - Loaded default TestExecutionListener class names from location [META-INF/spring.factories]: [org.springframework.security.test.context.support.WithSecurityContextTestExecutionListener, org.springframework.security.test.context.support.ReactorContextTestExecutionListener, org.springframework.boot.test.autoconfigure.restdocs.RestDocsTestExecutionListener, org.springframework.boot.test.autoconfigure.web.client.MockRestServiceServerResetTestExecutionListener, org.springframework.boot.test.autoconfigure.web.servlet.MockMvcPrintOnlyOnFailureTestExecutionListener, org.springframework.boot.test.autoconfigure.web.servlet.WebDriverTestExecutionListener, org.springframework.boot.test.autoconfigure.webservices.client.MockWebServiceServerTestExecutionListener, org.springframework.boot.test.mock.mockito.MockitoTestExecutionListener, org.springframework.boot.test.mock.mockito.ResetMocksTestExecutionListener, org.springframework.test.context.web.ServletTestExecutionListener, org.springframework.test.context.support.DirtiesContextBeforeModesTestExecutionListener, org.springframework.test.context.event.ApplicationEventsTestExecutionListener, org.springframework.test.context.support.DependencyInjectionTestExecutionListener, org.springframework.test.context.support.DirtiesContextTestExecutionListener, org.springframework.test.context.transaction.TransactionalTestExecutionListener, org.springframework.test.context.jdbc.SqlScriptsTestExecutionListener, org.springframework.test.context.event.EventPublishingTestExecutionListener]
21:35:04.951 [Test worker] INFO org.springframework.boot.test.context.SpringBootTestContextBootstrapper - Using TestExecutionListeners: [org.springframework.test.context.web.ServletTestExecutionListener@a1217f9, org.springframework.test.context.support.DirtiesContextBeforeModesTestExecutionListener@3bde62ff, org.springframework.test.context.event.ApplicationEventsTestExecutionListener@523424b5, org.springframework.boot.test.mock.mockito.MockitoTestExecutionListener@2baa8d82, org.springframework.boot.test.autoconfigure.SpringBootDependencyInjectionTestExecutionListener@319dead1, org.springframework.test.context.support.DirtiesContextTestExecutionListener@791cbf87, org.springframework.test.context.transaction.TransactionalTestExecutionListener@a7e2d9d, org.springframework.test.context.jdbc.SqlScriptsTestExecutionListener@754777cd, org.springframework.security.test.context.support.WithSecurityContextTestExecutionListener@2b52c0d6, org.springframework.test.context.event.EventPublishingTestExecutionListener@372ea2bc, org.springframework.security.test.context.support.ReactorContextTestExecutionListener@4cc76301, org.springframework.boot.test.autoconfigure.restdocs.RestDocsTestExecutionListener@2f08c4b, org.springframework.boot.test.autoconfigure.web.client.MockRestServiceServerResetTestExecutionListener@3f19b8b3, org.springframework.boot.test.autoconfigure.web.servlet.MockMvcPrintOnlyOnFailureTestExecutionListener@7de0c6ae, org.springframework.boot.test.autoconfigure.web.servlet.WebDriverTestExecutionListener@a486d78, org.springframework.boot.test.autoconfigure.webservices.client.MockWebServiceServerTestExecutionListener@cdc3aae, org.springframework.boot.test.mock.mockito.ResetMocksTestExecutionListener@7ef2d7a6]
21:35:04.953 [Test worker] DEBUG org.springframework.test.context.support.AbstractDirtiesContextTestExecutionListener - Before test class: context [DefaultTestContext@32fe9d0a testClass = PetmilyFinalFinalRealFinalApplicationTests, testInstance = [null], testMethod = [null], testException = [null], mergedContextConfiguration = [WebMergedContextConfiguration@c9413d8 testClass = PetmilyFinalFinalRealFinalApplicationTests, locations = '{}', classes = '{class com.petmily.PetmilyFinalFinalRealFinalApplication}', contextInitializerClasses = '[]', activeProfiles = '{}', propertySourceLocations = '{}', propertySourceProperties = '{org.springframework.boot.test.context.SpringBootTestContextBootstrapper=true}', contextCustomizers = set[org.springframework.boot.test.autoconfigure.actuate.metrics.MetricsExportContextCustomizerFactory$DisableMetricExportContextCustomizer@55dfebeb, org.springframework.boot.test.autoconfigure.properties.PropertyMappingContextCustomizer@0, org.springframework.boot.test.autoconfigure.web.servlet.WebDriverContextCustomizerFactory$Customizer@74960bfa, org.springframework.boot.test.context.filter.ExcludeFilterContextCustomizer@66746f57, org.springframework.boot.test.json.DuplicateJsonObjectContextCustomizerFactory$DuplicateJsonObjectContextCustomizer@54dcfa5a, org.springframework.boot.test.mock.mockito.MockitoContextCustomizer@0, org.springframework.boot.test.web.client.TestRestTemplateContextCustomizer@1d730606, org.springframework.boot.test.context.SpringBootTestArgs@1, org.springframework.boot.test.context.SpringBootTestWebEnvironment@738dc9b], resourceBasePath = 'src/main/webapp', contextLoader = 'org.springframework.boot.test.context.SpringBootContextLoader', parent = [null]], attributes = map['org.springframework.test.context.web.ServletTestExecutionListener.activateListener' -> true]], class annotated with @DirtiesContext [false] with mode [null].

  .   ____          _            __ _ _
 /\\ / ___'_ __ _ _(_)_ __  __ _ \ \ \ \
( ( )\___ | '_ | '_| | '_ \/ _` | \ \ \ \
 \\/  ___)| |_)| | | | | || (_| |  ) ) ) )
  '  |____| .__|_| |_|_| |_\__, | / / / /
 =========|_|==============|___/=/_/_/_/
 :: Spring Boot ::               (v2.7.17)

2024-11-04 21:35:05.257  INFO 26492 --- [    Test worker] tmilyFinalFinalRealFinalApplicationTests : Starting PetmilyFinalFinalRealFinalApplicationTests using Java 17.0.10 on DESKTOP-DA30OQ0 with PID 26492 (started by h22sa in D:\petmilyreal)
2024-11-04 21:35:05.258  INFO 26492 --- [    Test worker] tmilyFinalFinalRealFinalApplicationTests : No active profile set, falling back to 1 default profile: "default"
2024-11-04 21:35:05.899  INFO 26492 --- [    Test worker] .s.d.r.c.RepositoryConfigurationDelegate : Bootstrapping Spring Data JPA repositories in DEFAULT mode.
2024-11-04 21:35:05.916  INFO 26492 --- [    Test worker] .s.d.r.c.RepositoryConfigurationDelegate : Finished Spring Data repository scanning in 9 ms. Found 0 JPA repository interfaces.
2024-11-04 21:35:06.428  INFO 26492 --- [    Test worker] com.zaxxer.hikari.HikariDataSource       : HikariPool-1 - Starting...
2024-11-04 21:35:06.586  INFO 26492 --- [    Test worker] com.zaxxer.hikari.HikariDataSource       : HikariPool-1 - Start completed.
2024-11-04 21:35:06.645  INFO 26492 --- [    Test worker] o.hibernate.jpa.internal.util.LogHelper  : HHH000204: Processing PersistenceUnitInfo [name: default]
2024-11-04 21:35:06.684  INFO 26492 --- [    Test worker] org.hibernate.Version                    : HHH000412: Hibernate ORM core version 5.6.15.Final
2024-11-04 21:35:06.848  INFO 26492 --- [    Test worker] o.hibernate.annotations.common.Version   : HCANN000001: Hibernate Commons Annotations {5.1.2.Final}
2024-11-04 21:35:06.944  INFO 26492 --- [    Test worker] org.hibernate.dialect.Dialect            : HHH000400: Using dialect: org.hibernate.dialect.MySQL8Dialect
2024-11-04 21:35:07.095  INFO 26492 --- [    Test worker] o.h.e.t.j.p.i.JtaPlatformInitiator       : HHH000490: Using JtaPlatform implementation: [org.hibernate.engine.transaction.jta.platform.internal.NoJtaPlatform]
2024-11-04 21:35:07.106  INFO 26492 --- [    Test worker] j.LocalContainerEntityManagerFactoryBean : Initialized JPA EntityManagerFactory for persistence unit 'default'
2024-11-04 21:35:07.700  WARN 26492 --- [    Test worker] JpaBaseConfiguration$JpaWebConfiguration : spring.jpa.open-in-view is enabled by default. Therefore, database queries may be performed during view rendering. Explicitly configure spring.jpa.open-in-view to disable this warning
2024-11-04 21:35:08.429  INFO 26492 --- [    Test worker] tmilyFinalFinalRealFinalApplicationTests : Started PetmilyFinalFinalRealFinalApplicationTests in 3.452 seconds (JVM running for 5.015)
]]></system-out>
  <system-err><![CDATA[]]></system-err>
</testsuite>
